Using pre-set license
Built from '2020.2/staging' branch; Version is '2020.2.7f1 (c53830e277f1) revision 12924976'; Using compiler version '192528614'; Build Type 'Release'
OS: 'Windows 10 Pro; OS build 22000.556; Version 2009; 64bit' Language: 'pl' Physical Memory: 6092 MB
BatchMode: 1, IsHumanControllingUs: 0, StartBugReporterOnCrash: 0, Is64bit: 1, IsPro: 0

 COMMAND LINE ARGUMENTS:
C:\Program Files\Unity\Hub\Editor\2020.2.7f1\Editor\Unity.exe
-adb2
-batchMode
-noUpm
-name
AssetImportWorker0
-projectPath
C:/Users/Admin/Desktop/Projekty/CoinCollect
-logFile
Logs/AssetImportWorker0.log
-srvPort
56766
Successfully changed project path to: C:/Users/Admin/Desktop/Projekty/CoinCollect
C:/Users/Admin/Desktop/Projekty/CoinCollect
Using Asset Import Pipeline V2.
Refreshing native plugins compatible for Editor in 65.76 ms, found 0 plugins.
Preloading 0 native plugins for Editor in 0.00 ms.
Initialize engine version: 2020.2.7f1 (c53830e277f1)
[Subsystems] Discovering subsystems at path C:/Program Files/Unity/Hub/Editor/2020.2.7f1/Editor/Data/Resources/UnitySubsystems
[Subsystems] Discovering subsystems at path C:/Users/Admin/Desktop/Projekty/CoinCollect/Assets
GfxDevice: creating device client; threaded=0
Direct3D:
    Version:  Direct3D 11.0 [level 11.1]
    Renderer: AMD Radeon(TM) Vega 8 Graphics (ID=0x15d8)
    Vendor:   
    VRAM:     3046 MB
    Driver:   27.20.11044.7
Initialize mono
Mono path[0] = 'C:/Program Files/Unity/Hub/Editor/2020.2.7f1/Editor/Data/Managed'
Mono path[1] = 'C:/Program Files/Unity/Hub/Editor/2020.2.7f1/Editor/Data/MonoBleedingEdge/lib/mono/unityjit'
Mono config path = 'C:/Program Files/Unity/Hub/Editor/2020.2.7f1/Editor/Data/MonoBleedingEdge/etc'
Using monoOptions --debugger-agent=transport=dt_socket,embedding=1,server=y,suspend=n,address=127.0.0.1:56780
Begin MonoManager ReloadAssembly
Registering precompiled unity dll's ...
Register platform support module: C:/Program Files/Unity/Hub/Editor/2020.2.7f1/Editor/Data/PlaybackEngines/WindowsStandaloneSupport/UnityEditor.WindowsStandalone.Extensions.dll
Registered in 0.007854 seconds.
Native extension for WindowsStandalone target not found
Refreshing native plugins compatible for Editor in 62.21 ms, found 0 plugins.
Preloading 0 native plugins for Editor in 0.00 ms.
Invoked RoslynAnalysisRunner static constructor.
RoslynAnalysisRunner will not be running.
RoslynAnalysisRunner has terminated.
Mono: successfully reloaded assembly
- Completed reload, in  1.441 seconds
Platform modules already initialized, skipping
Registering precompiled user dll's ...
Registered in 0.006200 seconds.
Begin MonoManager ReloadAssembly
Native extension for WindowsStandalone target not found
Refreshing native plugins compatible for Editor in 60.41 ms, found 0 plugins.
Preloading 0 native plugins for Editor in 0.00 ms.
Invoked RoslynAnalysisRunner static constructor.
RoslynAnalysisRunner will not be running.
RoslynAnalysisRunner has terminated.
Mono: successfully reloaded assembly
- Completed reload, in  1.494 seconds
Platform modules already initialized, skipping
========================================================================
Worker process is ready to serve import requests
Shader 'Universal Render Pipeline/Particles/Lit': fallback shader 'Universal Render Pipeline/Particles/SimpleLit' not found
Shader 'Universal Render Pipeline/Particles/Lit': fallback shader 'Universal Render Pipeline/Particles/SimpleLit' not found
Launched and connected shader compiler UnityShaderCompiler.exe after 0.49 seconds
Refreshing native plugins compatible for Editor in 0.56 ms, found 0 plugins.
Preloading 0 native plugins for Editor in 0.00 ms.
Unloading 2380 Unused Serialized files (Serialized files now loaded: 0)
System memory in use before: 109.0 MB.
System memory in use after: 105.9 MB.

Unloading 60 unused Assets to reduce memory usage. Loaded Objects now: 2776.
Total: 4.463900 ms (FindLiveObjects: 0.305000 ms CreateObjectMapping: 0.078400 ms MarkObjects: 2.129600 ms  DeleteObjects: 1.949200 ms)

========================================================================
Received Import Request.
  path: Assets/Scripts/MenuManager.cs
  artifactKey: Guid(d1cc54d19fa984d418328481930ce7be) Importer(815301076,1909f56bfc062723c751e8b465ee728b)
Start importing Assets/Scripts/MenuManager.cs using Guid(d1cc54d19fa984d418328481930ce7be) Importer(815301076,1909f56bfc062723c751e8b465ee728b)  -> (artifact id: '210dc3e25a938f996dc24c87b502044e') in 0.128019 seconds
  Import took 0.183918 seconds .

========================================================================
Received Prepare
Registering precompiled user dll's ...
Registered in 0.003870 seconds.
Begin MonoManager ReloadAssembly
Native extension for WindowsStandalone target not found
Refreshing native plugins compatible for Editor in 0.50 ms, found 0 plugins.
Preloading 0 native plugins for Editor in 0.00 ms.
Invoked RoslynAnalysisRunner static constructor.
RoslynAnalysisRunner will not be running.
RoslynAnalysisRunner has terminated.
Mono: successfully reloaded assembly
- Completed reload, in  1.369 seconds
Platform modules already initialized, skipping
Shader 'Universal Render Pipeline/Particles/Lit': fallback shader 'Universal Render Pipeline/Particles/SimpleLit' not found
Shader 'Universal Render Pipeline/Particles/Lit': fallback shader 'Universal Render Pipeline/Particles/SimpleLit' not found
Refreshing native plugins compatible for Editor in 0.64 ms, found 0 plugins.
Preloading 0 native plugins for Editor in 0.00 ms.
Unloading 2355 Unused Serialized files (Serialized files now loaded: 0)
System memory in use before: 107.5 MB.
System memory in use after: 104.5 MB.

Unloading 55 unused Assets to reduce memory usage. Loaded Objects now: 2779.
Total: 5.016700 ms (FindLiveObjects: 0.336900 ms CreateObjectMapping: 0.107000 ms MarkObjects: 2.469100 ms  DeleteObjects: 2.101500 ms)

========================================================================
Received Import Request.
  Time since last request: 20.319351 seconds.
  path: Assets/Scripts/MenuManager.cs
  artifactKey: Guid(d1cc54d19fa984d418328481930ce7be) Importer(815301076,1909f56bfc062723c751e8b465ee728b)
Start importing Assets/Scripts/MenuManager.cs using Guid(d1cc54d19fa984d418328481930ce7be) Importer(815301076,1909f56bfc062723c751e8b465ee728b)  -> (artifact id: 'e5f559f3f8f649221a4af8c191844deb') in 0.021257 seconds
  Import took 0.069217 seconds .

========================================================================
Received Prepare
Registering precompiled user dll's ...
Registered in 0.006604 seconds.
Begin MonoManager ReloadAssembly
Native extension for WindowsStandalone target not found
Refreshing native plugins compatible for Editor in 0.88 ms, found 0 plugins.
Preloading 0 native plugins for Editor in 0.00 ms.
Invoked RoslynAnalysisRunner static constructor.
RoslynAnalysisRunner will not be running.
RoslynAnalysisRunner has terminated.
Mono: successfully reloaded assembly
- Completed reload, in  1.368 seconds
Platform modules already initialized, skipping
Shader 'Universal Render Pipeline/Particles/Lit': fallback shader 'Universal Render Pipeline/Particles/SimpleLit' not found
Shader 'Universal Render Pipeline/Particles/Lit': fallback shader 'Universal Render Pipeline/Particles/SimpleLit' not found
Refreshing native plugins compatible for Editor in 0.66 ms, found 0 plugins.
Preloading 0 native plugins for Editor in 0.00 ms.
Unloading 2355 Unused Serialized files (Serialized files now loaded: 0)
System memory in use before: 107.6 MB.
System memory in use after: 104.5 MB.

Unloading 55 unused Assets to reduce memory usage. Loaded Objects now: 2782.
Total: 4.384000 ms (FindLiveObjects: 0.315900 ms CreateObjectMapping: 0.087600 ms MarkObjects: 2.095400 ms  DeleteObjects: 1.882700 ms)

========================================================================
Received Prepare
Registering precompiled user dll's ...
Registered in 0.003315 seconds.
Begin MonoManager ReloadAssembly
Native extension for WindowsStandalone target not found
Refreshing native plugins compatible for Editor in 0.54 ms, found 0 plugins.
Preloading 0 native plugins for Editor in 0.00 ms.
Invoked RoslynAnalysisRunner static constructor.
RoslynAnalysisRunner will not be running.
RoslynAnalysisRunner has terminated.
Mono: successfully reloaded assembly
- Completed reload, in  1.477 seconds
Platform modules already initialized, skipping
Shader 'Universal Render Pipeline/Particles/Lit': fallback shader 'Universal Render Pipeline/Particles/SimpleLit' not found
Shader 'Universal Render Pipeline/Particles/Lit': fallback shader 'Universal Render Pipeline/Particles/SimpleLit' not found
Refreshing native plugins compatible for Editor in 0.51 ms, found 0 plugins.
Preloading 0 native plugins for Editor in 0.00 ms.
Unloading 2355 Unused Serialized files (Serialized files now loaded: 0)
System memory in use before: 107.6 MB.
System memory in use after: 104.5 MB.

Unloading 55 unused Assets to reduce memory usage. Loaded Objects now: 2785.
Total: 8.019600 ms (FindLiveObjects: 0.323700 ms CreateObjectMapping: 0.089600 ms MarkObjects: 3.997300 ms  DeleteObjects: 3.606100 ms)

========================================================================
Received Prepare
Registering precompiled user dll's ...
Registered in 0.002884 seconds.
Begin MonoManager ReloadAssembly
Native extension for WindowsStandalone target not found
Refreshing native plugins compatible for Editor in 0.52 ms, found 0 plugins.
Preloading 0 native plugins for Editor in 0.00 ms.
Invoked RoslynAnalysisRunner static constructor.
RoslynAnalysisRunner will not be running.
RoslynAnalysisRunner has terminated.
Mono: successfully reloaded assembly
- Completed reload, in  1.251 seconds
Platform modules already initialized, skipping
Shader 'Universal Render Pipeline/Particles/Lit': fallback shader 'Universal Render Pipeline/Particles/SimpleLit' not found
Shader 'Universal Render Pipeline/Particles/Lit': fallback shader 'Universal Render Pipeline/Particles/SimpleLit' not found
Refreshing native plugins compatible for Editor in 0.49 ms, found 0 plugins.
Preloading 0 native plugins for Editor in 0.00 ms.
Unloading 2355 Unused Serialized files (Serialized files now loaded: 0)
System memory in use before: 107.6 MB.
System memory in use after: 104.5 MB.

Unloading 55 unused Assets to reduce memory usage. Loaded Objects now: 2788.
Total: 5.352700 ms (FindLiveObjects: 0.315900 ms CreateObjectMapping: 0.085000 ms MarkObjects: 2.535700 ms  DeleteObjects: 2.413900 ms)

========================================================================
Received Prepare
Registering precompiled user dll's ...
Registered in 0.007796 seconds.
Begin MonoManager ReloadAssembly
Native extension for WindowsStandalone target not found
Refreshing native plugins compatible for Editor in 0.43 ms, found 0 plugins.
Preloading 0 native plugins for Editor in 0.00 ms.
Invoked RoslynAnalysisRunner static constructor.
RoslynAnalysisRunner will not be running.
RoslynAnalysisRunner has terminated.
Mono: successfully reloaded assembly
- Completed reload, in  1.214 seconds
Platform modules already initialized, skipping
Shader 'Universal Render Pipeline/Particles/Lit': fallback shader 'Universal Render Pipeline/Particles/SimpleLit' not found
Shader 'Universal Render Pipeline/Particles/Lit': fallback shader 'Universal Render Pipeline/Particles/SimpleLit' not found
Refreshing native plugins compatible for Editor in 0.52 ms, found 0 plugins.
Preloading 0 native plugins for Editor in 0.00 ms.
Unloading 2355 Unused Serialized files (Serialized files now loaded: 0)
System memory in use before: 107.5 MB.
System memory in use after: 104.5 MB.

Unloading 55 unused Assets to reduce memory usage. Loaded Objects now: 2791.
Total: 5.667100 ms (FindLiveObjects: 0.354500 ms CreateObjectMapping: 0.091800 ms MarkObjects: 2.718000 ms  DeleteObjects: 2.500800 ms)

========================================================================
Received Prepare
Registering precompiled user dll's ...
Registered in 0.002896 seconds.
Begin MonoManager ReloadAssembly
Native extension for WindowsStandalone target not found
Refreshing native plugins compatible for Editor in 0.46 ms, found 0 plugins.
Preloading 0 native plugins for Editor in 0.00 ms.
Invoked RoslynAnalysisRunner static constructor.
RoslynAnalysisRunner will not be running.
RoslynAnalysisRunner has terminated.
Mono: successfully reloaded assembly
- Completed reload, in  1.291 seconds
Platform modules already initialized, skipping
Shader 'Universal Render Pipeline/Particles/Lit': fallback shader 'Universal Render Pipeline/Particles/SimpleLit' not found
Shader 'Universal Render Pipeline/Particles/Lit': fallback shader 'Universal Render Pipeline/Particles/SimpleLit' not found
Refreshing native plugins compatible for Editor in 0.70 ms, found 0 plugins.
Preloading 0 native plugins for Editor in 0.00 ms.
Unloading 2355 Unused Serialized files (Serialized files now loaded: 0)
System memory in use before: 107.6 MB.
System memory in use after: 104.6 MB.

Unloading 55 unused Assets to reduce memory usage. Loaded Objects now: 2794.
Total: 9.972100 ms (FindLiveObjects: 0.375100 ms CreateObjectMapping: 0.089100 ms MarkObjects: 5.414500 ms  DeleteObjects: 4.088900 ms)

========================================================================
Received Prepare
Registering precompiled user dll's ...
Registered in 0.006788 seconds.
Begin MonoManager ReloadAssembly
Native extension for WindowsStandalone target not found
Refreshing native plugins compatible for Editor in 0.48 ms, found 0 plugins.
Preloading 0 native plugins for Editor in 0.00 ms.
Invoked RoslynAnalysisRunner static constructor.
RoslynAnalysisRunner will not be running.
RoslynAnalysisRunner has terminated.
Mono: successfully reloaded assembly
- Completed reload, in  1.205 seconds
Platform modules already initialized, skipping
Shader 'Universal Render Pipeline/Particles/Lit': fallback shader 'Universal Render Pipeline/Particles/SimpleLit' not found
Shader 'Universal Render Pipeline/Particles/Lit': fallback shader 'Universal Render Pipeline/Particles/SimpleLit' not found
Refreshing native plugins compatible for Editor in 0.43 ms, found 0 plugins.
Preloading 0 native plugins for Editor in 0.00 ms.
Unloading 2355 Unused Serialized files (Serialized files now loaded: 0)
System memory in use before: 107.6 MB.
System memory in use after: 104.6 MB.

Unloading 55 unused Assets to reduce memory usage. Loaded Objects now: 2797.
Total: 5.801100 ms (FindLiveObjects: 0.390000 ms CreateObjectMapping: 0.113100 ms MarkObjects: 2.832700 ms  DeleteObjects: 2.462900 ms)

========================================================================
Received Prepare
Registering precompiled user dll's ...
Registered in 0.003138 seconds.
Begin MonoManager ReloadAssembly
Native extension for WindowsStandalone target not found
Refreshing native plugins compatible for Editor in 0.49 ms, found 0 plugins.
Preloading 0 native plugins for Editor in 0.00 ms.
Invoked RoslynAnalysisRunner static constructor.
RoslynAnalysisRunner will not be running.
RoslynAnalysisRunner has terminated.
Mono: successfully reloaded assembly
- Completed reload, in  1.235 seconds
Platform modules already initialized, skipping
Shader 'Universal Render Pipeline/Particles/Lit': fallback shader 'Universal Render Pipeline/Particles/SimpleLit' not found
Shader 'Universal Render Pipeline/Particles/Lit': fallback shader 'Universal Render Pipeline/Particles/SimpleLit' not found
Refreshing native plugins compatible for Editor in 0.87 ms, found 0 plugins.
Preloading 0 native plugins for Editor in 0.00 ms.
Unloading 2355 Unused Serialized files (Serialized files now loaded: 0)
System memory in use before: 107.6 MB.
System memory in use after: 104.6 MB.

Unloading 55 unused Assets to reduce memory usage. Loaded Objects now: 2800.
Total: 14.153800 ms (FindLiveObjects: 0.455000 ms CreateObjectMapping: 0.098500 ms MarkObjects: 6.448500 ms  DeleteObjects: 7.149100 ms)

========================================================================
Received Prepare
Registering precompiled user dll's ...
Registered in 0.005888 seconds.
Begin MonoManager ReloadAssembly
Native extension for WindowsStandalone target not found
Refreshing native plugins compatible for Editor in 0.65 ms, found 0 plugins.
Preloading 0 native plugins for Editor in 0.00 ms.
Invoked RoslynAnalysisRunner static constructor.
RoslynAnalysisRunner will not be running.
RoslynAnalysisRunner has terminated.
Mono: successfully reloaded assembly
- Completed reload, in  1.322 seconds
Platform modules already initialized, skipping
Shader 'Universal Render Pipeline/Particles/Lit': fallback shader 'Universal Render Pipeline/Particles/SimpleLit' not found
Shader 'Universal Render Pipeline/Particles/Lit': fallback shader 'Universal Render Pipeline/Particles/SimpleLit' not found
Refreshing native plugins compatible for Editor in 0.50 ms, found 0 plugins.
Preloading 0 native plugins for Editor in 0.00 ms.
Unloading 2355 Unused Serialized files (Serialized files now loaded: 0)
System memory in use before: 107.6 MB.
System memory in use after: 104.6 MB.

Unloading 55 unused Assets to reduce memory usage. Loaded Objects now: 2803.
Total: 4.686500 ms (FindLiveObjects: 0.312000 ms CreateObjectMapping: 0.066600 ms MarkObjects: 2.180500 ms  DeleteObjects: 2.125600 ms)

========================================================================
Received Prepare
Registering precompiled user dll's ...
Registered in 0.013804 seconds.
Begin MonoManager ReloadAssembly
Native extension for WindowsStandalone target not found
Refreshing native plugins compatible for Editor in 0.72 ms, found 0 plugins.
Preloading 0 native plugins for Editor in 0.00 ms.
Invoked RoslynAnalysisRunner static constructor.
RoslynAnalysisRunner will not be running.
RoslynAnalysisRunner has terminated.
Mono: successfully reloaded assembly
- Completed reload, in  2.466 seconds
Platform modules already initialized, skipping
Shader 'Universal Render Pipeline/Particles/Lit': fallback shader 'Universal Render Pipeline/Particles/SimpleLit' not found
Shader 'Universal Render Pipeline/Particles/Lit': fallback shader 'Universal Render Pipeline/Particles/SimpleLit' not found
Refreshing native plugins compatible for Editor in 4.26 ms, found 0 plugins.
Preloading 0 native plugins for Editor in 0.00 ms.
Unloading 2355 Unused Serialized files (Serialized files now loaded: 0)
System memory in use before: 107.5 MB.
System memory in use after: 104.5 MB.

Unloading 55 unused Assets to reduce memory usage. Loaded Objects now: 2806.
Total: 9.223800 ms (FindLiveObjects: 0.391600 ms CreateObjectMapping: 0.156600 ms MarkObjects: 4.844900 ms  DeleteObjects: 3.827100 ms)

AssetImportWorkerClient::OnTransportError - code=2 error=End of file
